#
# There is insufficient memory for the Java Runtime Environment to continue.
# Native memory allocation (mmap) failed to map 16777216 bytes for Failed to commit area from 0x000001b45f000000 to 0x000001b460000000 of length 16777216.
# Possible reasons:
#   The system is out of physical RAM or swap space
# Possible solutions:
#   Reduce memory load on the system
#   Increase physical memory or swap space
#   Check if swap backing store is full
#   Decrease Java heap size (-Xmx/-Xms)
#   Decrease number of Java threads
#   Decrease Java thread stack sizes (-Xss)
#   Set larger code cache with -XX:ReservedCodeCacheSize=
# This output file may be truncated or incomplete.
#
#  Out of Memory Error (t:/workspace/open/src/hotspot/os/windows/os_windows.cpp:3221), pid=19268, tid=13948
#
# JRE version:  (10.0.2+13) (build )
# Java VM: Java HotSpot(TM) 64-Bit Server VM (10.0.2+13, mixed mode, aot, tiered, g1 gc, windows-amd64)
# No core dump will be written. Minidumps are not enabled by default on client versions of Windows
#

---------------  S U M M A R Y ------------

Command Line: -Xms1024m -Xmx1024m -Xms1024m -Xmx65536m -Dfile.encoding=MS949 PlayZombieGame

Host: Intel(R) Core(TM) i7-8850H CPU @ 2.60GHz, 12 cores, 15G,  Windows 10 , 64 bit Build 16299 (10.0.16299.431)
Time: Mon Aug 27 16:40:59 2018 ¢¥eCN©öI¡¾©ö C¡ÍA¨ª¨öA elapsed time: 0 seconds (0d 0h 0m 0s)

---------------  T H R E A D  ---------------

Current thread (0x000001a4300c6000):  JavaThread "Unknown thread" [_thread_in_vm, id=13948, stack(0x000000a2c6000000,0x000000a2c6100000)]

Stack: [0x000000a2c6000000,0x000000a2c6100000]
Native frames: (J=compiled Java code, j=interpreted, Vv=VM code, C=native code)
V  [jvm.dll+0x5a01a9]
V  [jvm.dll+0x6bcf31]
V  [jvm.dll+0x6be126]
V  [jvm.dll+0x6be7b3]
V  [jvm.dll+0x234978]
V  [jvm.dll+0x59dac4]
V  [jvm.dll+0x592825]
V  [jvm.dll+0x2f632b]
V  [jvm.dll+0x2f6295]
V  [jvm.dll+0x2f6172]
V  [jvm.dll+0x2f8366]
V  [jvm.dll+0x3442a5]
V  [jvm.dll+0x3449a6]
V  [jvm.dll+0x344393]
V  [jvm.dll+0x2c4628]
V  [jvm.dll+0x2c5771]
V  [jvm.dll+0x69d1db]
V  [jvm.dll+0x69e9fc]
V  [jvm.dll+0x3519e9]
V  [jvm.dll+0x6856a2]
V  [jvm.dll+0x3ba0c3]
V  [jvm.dll+0x3bc261]
C  [javaw.exe+0x3541]
C  [javaw.exe+0xe1cf]
C  [javaw.exe+0xe376]
C  [KERNEL32.DLL+0x11fe4]
C  [ntdll.dll+0x6cb31]


---------------  P R O C E S S  ---------------

Threads class SMR info:
_java_thread_list=0x000001a42db6a100, length=0, elements={
}

Java Threads: ( => current thread )

Other Threads:
  0x000001a4300e0800 GCTaskThread "GC Thread#0" [stack: 0x000000a2c6100000,0x000000a2c6200000] [id=21840]
  0x000001a4300e3000 GCTaskThread "GC Thread#1" [stack: 0x000000a2c6200000,0x000000a2c6300000] [id=22536]
  0x000001a4300e5000 GCTaskThread "GC Thread#2" [stack: 0x000000a2c6300000,0x000000a2c6400000] [id=22548]
  0x000001a4300e8000 GCTaskThread "GC Thread#3" [stack: 0x000000a2c6400000,0x000000a2c6500000] [id=17180]
  0x000001a4300f4800 GCTaskThread "GC Thread#4" [stack: 0x000000a2c6500000,0x000000a2c6600000] [id=22976]
  0x000001a4300f5800 GCTaskThread "GC Thread#5" [stack: 0x000000a2c6600000,0x000000a2c6700000] [id=18260]
  0x000001a4300f7000 GCTaskThread "GC Thread#6" [stack: 0x000000a2c6700000,0x000000a2c6800000] [id=6196]
  0x000001a4300fc000 GCTaskThread "GC Thread#7" [stack: 0x000000a2c6800000,0x000000a2c6900000] [id=8516]
  0x000001a430102800 GCTaskThread "GC Thread#8" [stack: 0x000000a2c6900000,0x000000a2c6a00000] [id=23892]
  0x000001a430107800 GCTaskThread "GC Thread#9" [stack: 0x000000a2c6a00000,0x000000a2c6b00000] [id=20936]
  0x000001a430137800 ConcurrentGCThread "G1 Main Marker" [stack: 0x000000a2c6b00000,0x000000a2c6c00000] [id=21556]
  0x000001a430138800 ConcurrentGCThread "G1 Conc#0" [stack: 0x000000a2c6c00000,0x000000a2c6d00000] [id=23424]
  0x000001a430139000 ConcurrentGCThread "G1 Conc#1" [stack: 0x000000a2c6d00000,0x000000a2c6e00000] [id=21072]
  0x000001a43013a000 ConcurrentGCThread "G1 Conc#2" [stack: 0x000000a2c6e00000,0x000000a2c6f00000] [id=18308]

[error occurred during error reporting (printing all threads), id 0xe0000002]

VM state:not at safepoint (not fully initialized)

VM Mutex/Monitor currently owned by a thread:  ([mutex/lock_event])
[0x000001a4300c3750] Heap_lock - owner thread: 0x000001a4300c6000

GC Heap History (0 events):
No events

Deoptimization events (0 events):
No events

Classes redefined (0 events):
No events

Internal exceptions (0 events):
No events

Events (0 events):
No events


Dynamic libraries:
0x00007ff6d98a0000 - 0x00007ff6d98de000 	C:\Program Files\Java\jre-10.0.2\bin\javaw.exe
0x00007ffc5cc20000 - 0x00007ffc5ce00000 	C:\Windows\SYSTEM32\ntdll.dll
0x00007ffc5a6b0000 - 0x00007ffc5a75e000 	C:\Windows\System32\KERNEL32.DLL
0x00007ffc59be0000 - 0x00007ffc59e46000 	C:\Windows\System32\KERNELBASE.dll
0x0000000061dd0000 - 0x00000000620eb000 	C:\Program Files\Norton Security\NortonData\22.11.1.5\Definitions\IPSDefs\20180824.061\IPSEng64.dll
0x00007ffc5c3c0000 - 0x00007ffc5c461000 	C:\Windows\System32\ADVAPI32.dll
0x00007ffc5a610000 - 0x00007ffc5a6ad000 	C:\Windows\System32\msvcrt.dll
0x00007ffc5c870000 - 0x00007ffc5c8cb000 	C:\Windows\System32\sechost.dll
0x00007ffc5c4e0000 - 0x00007ffc5c5ff000 	C:\Windows\System32\RPCRT4.dll
0x00007ffc5be70000 - 0x00007ffc5be78000 	C:\Windows\System32\PSAPI.DLL
0x00007ffc5a480000 - 0x00007ffc5a60f000 	C:\Windows\System32\USER32.dll
0x00007ffc59ed0000 - 0x00007ffc59ef0000 	C:\Windows\System32\win32u.dll
0x00007ffc5c770000 - 0x00007ffc5c798000 	C:\Windows\System32\GDI32.dll
0x00007ffc59ef0000 - 0x00007ffc5a083000 	C:\Windows\System32\gdi32full.dll
0x00007ffc591f0000 - 0x00007ffc5928b000 	C:\Windows\System32\msvcp_win.dll
0x00007ffc599e0000 - 0x00007ffc59ad5000 	C:\Windows\System32\ucrtbase.dll
0x00007ffc45db0000 - 0x00007ffc46019000 	C:\Windows\WinSxS\amd64_microsoft.windows.common-controls_6595b64144ccf1df_6.0.16299.611_none_15c7d8029365981f\COMCTL32.dll
0x00007ffc51fe0000 - 0x00007ffc51fea000 	C:\Windows\SYSTEM32\VERSION.dll
0x00007ffc5c8d0000 - 0x00007ffc5cbd7000 	C:\Windows\System32\combase.dll
0x00007ffc59e50000 - 0x00007ffc59ec2000 	C:\Windows\System32\bcryptPrimitives.dll
0x00007ffc5bd90000 - 0x00007ffc5bdbd000 	C:\Windows\System32\IMM32.DLL
0x00007ffc4e1b0000 - 0x00007ffc4e29f000 	C:\Program Files\Java\jre-10.0.2\bin\msvcr120.dll
0x00007ffc4e100000 - 0x00007ffc4e1a6000 	C:\Program Files\Java\jre-10.0.2\bin\msvcp120.dll
0x00000000658d0000 - 0x0000000066340000 	C:\Program Files\Java\jre-10.0.2\bin\server\jvm.dll
0x00007ffc55d40000 - 0x00007ffc55d49000 	C:\Windows\SYSTEM32\WSOCK32.dll
0x00007ffc5be80000 - 0x00007ffc5beec000 	C:\Windows\System32\WS2_32.dll
0x00007ffc55c70000 - 0x00007ffc55c93000 	C:\Windows\SYSTEM32\WINMM.dll
0x00007ffc55c30000 - 0x00007ffc55c5a000 	C:\Windows\SYSTEM32\WINMMBASE.dll
0x00007ffc59ae0000 - 0x00007ffc59b2a000 	C:\Windows\System32\cfgmgr32.dll
0x00007ffc55d30000 - 0x00007ffc55d3f000 	C:\Program Files\Java\jre-10.0.2\bin\verify.dll
0x00007ffc4f950000 - 0x00007ffc4fb18000 	C:\Windows\SYSTEM32\DBGHELP.DLL
0x00007ffc4f7a0000 - 0x00007ffc4f7c9000 	C:\Windows\SYSTEM32\dbgcore.DLL
0x00007ffc55d00000 - 0x00007ffc55d27000 	C:\Program Files\Java\jre-10.0.2\bin\java.dll
0x00007ffc55ce0000 - 0x00007ffc55cf6000 	C:\Program Files\Java\jre-10.0.2\bin\zip.dll
0x00007ffc55cd0000 - 0x00007ffc55cda000 	C:\Program Files\Java\jre-10.0.2\bin\jimage.dll

dbghelp: loaded successfully - version: 4.0.5 - missing functions: none
symbol engine: initialized successfully - sym options: 0x614 - pdb path: .;C:\Program Files\Java\jre-10.0.2\bin;C:\Windows\SYSTEM32;C:\Program Files\Norton Security\NortonData\22.11.1.5\Definitions\IPSDefs\20180824.061;C:\Windows\WinSxS\amd64_microsoft.windows.common-controls_6595b64144ccf1df_6.0.16299.611_none_15c7d8029365981f;C:\Program Files\Java\jre-10.0.2\bin\server

VM Arguments:
jvm_args: -Xms1024m -Xmx1024m -Xms1024m -Xmx65536m -Dfile.encoding=MS949 
java_command: PlayZombieGame
java_class_path (initial): C:\Users\mf311\eclipse-workspace\ZombieGame\bin
Launcher Type: SUN_STANDARD

Logging:
Log output configuration:
#0: stdout all=warning uptime,level,tags
#1: stderr all=off uptime,level,tags

Environment Variables:
JAVA_HOME=C:\Program Files\Java\jdk-10.0.2
PATH=C:\Program Files\NVIDIA GPU Computing Toolkit\CUDA\v9.2\bin;C:\Program Files\NVIDIA GPU Computing Toolkit\CUDA\v9.2\libnvvp;C:\Program Files (x86)\Common Files\Oracle\Java\javapath;C:\Program Files (x86)\Intel\Intel(R) Management Engine Components\iCLS\;C:\Program Files\Intel\Intel(R) Management Engine Components\iCLS\;C:\Windows\system32;C:\Windows;C:\Windows\System32\Wbem;C:\Windows\System32\WindowsPowerShell\v1.0\;C:\Program Files (x86)\NVIDIA Corporation\PhysX\Common;C:\Program Files (x86)\Intel\Intel(R) Management Engine Components\DAL;C:\Program Files\Intel\Intel(R) Management Engine Components\DAL;C:\Program Files (x86)\Intel\Intel(R) Management Engine Components\IPT;C:\Program Files\Intel\Intel(R) Management Engine Components\IPT;C:\Users\mf311\apache-maven-3.5.4-bin\apache-maven-3.5.4\bin;C:\Program Files\Java\jdk-10.0.2\bin
USERNAME=mf311
OS=Windows_NT
PROCESSOR_IDENTIFIER=Intel64 Family 6 Model 158 Stepping 10, GenuineIntel



---------------  S Y S T E M  ---------------

OS: Windows 10 , 64 bit Build 16299 (10.0.16299.431)

CPU:total 12 (initial active 12) (6 cores per cpu, 2 threads per core) family 6 model 158 stepping 10, cmov, cx8, fxsr, mmx, sse, sse2, sse3, ssse3, sse4.1, sse4.2, popcnt, avx, avx2, aes, clmul, erms, rtm, 3dnowpref, lzcnt, ht, tsc, tscinvbit, bmi1, bmi2, adx, fma

Memory: 4k page, physical 16693624k(11053420k free), swap 47780852k(13728k free)

vm_info: Java HotSpot(TM) 64-Bit Server VM (10.0.2+13) for windows-amd64 JRE (10.0.2+13), built on Jun 28 2018 01:57:56 by "mach5one" with MS VC++ 12.0 (VS2013)

END.
